------------------------------------------------------------------------------------------------------------------------

[2015-11-10 14:49:17 #1 store] 
Database 'C:\Users\Rafael\Documents\NetBeansProjects\ObjectDB-Example\build\web\WEB-INF\db\atp.odb' is opened by 736@Rafael-PC

[2015-11-10 14:49:31 #2 type.registry] 
New type ATP.Player

[2015-11-10 14:52:41 #3 store] 
Database 'C:\Users\Rafael\Documents\NetBeansProjects\ObjectDB-Example\build\web\WEB-INF\db\atp.odb' is closed by 736@Rafael-PC

------------------------------------------------------------------------------------------------------------------------

[2015-11-10 14:52:44 #1 store] 
Database 'C:\Users\Rafael\Documents\NetBeansProjects\ObjectDB-Example\build\web\WEB-INF\db\atp.odb' is opened by 736@Rafael-PC

[2015-11-10 14:52:56 #2 store] 
Database 'C:\Users\Rafael\Documents\NetBeansProjects\ObjectDB-Example\build\web\WEB-INF\db\atp.odb' is closed by 736@Rafael-PC

------------------------------------------------------------------------------------------------------------------------

[2015-11-10 14:52:58 #1 store] 
Database 'C:\Users\Rafael\Documents\NetBeansProjects\ObjectDB-Example\build\web\WEB-INF\db\atp.odb' is opened by 736@Rafael-PC

[2015-11-10 14:53:00 #2 store] 
Database 'C:\Users\Rafael\Documents\NetBeansProjects\ObjectDB-Example\build\web\WEB-INF\db\atp.odb' is closed by 736@Rafael-PC

------------------------------------------------------------------------------------------------------------------------

[2015-11-10 14:53:01 #1 store] 
Database 'C:\Users\Rafael\Documents\NetBeansProjects\ObjectDB-Example\build\web\WEB-INF\db\atp.odb' is opened by 736@Rafael-PC

[2015-11-10 14:53:25 #2 store] 
Database 'C:\Users\Rafael\Documents\NetBeansProjects\ObjectDB-Example\build\web\WEB-INF\db\atp.odb' is closed by 736@Rafael-PC

------------------------------------------------------------------------------------------------------------------------

[2015-11-10 14:53:26 #1 store] 
Database 'C:\Users\Rafael\Documents\NetBeansProjects\ObjectDB-Example\build\web\WEB-INF\db\atp.odb' is opened by 736@Rafael-PC

[2015-11-10 14:54:38 #2 store] 
Database 'C:\Users\Rafael\Documents\NetBeansProjects\ObjectDB-Example\build\web\WEB-INF\db\atp.odb' is closed by 736@Rafael-PC

